#
# There is insufficient memory for the Java Runtime Environment to continue.
# Native memory allocation (mmap) failed to map 264241152 bytes. Error detail: G1 virtual space
# Possible reasons:
#   The system is out of physical RAM or swap space
#   This process is running with CompressedOops enabled, and the Java Heap may be blocking the growth of the native heap
# Possible solutions:
#   Reduce memory load on the system
#   Increase physical memory or swap space
#   Check if swap backing store is full
#   Decrease Java heap size (-Xmx/-Xms)
#   Decrease number of Java threads
#   Decrease Java thread stack sizes (-Xss)
#   Set larger code cache with -XX:ReservedCodeCacheSize=
#   JVM is running with Zero Based Compressed Oops mode in which the Java heap is
#     placed in the first 32GB address space. The Java Heap base address is the
#     maximum limit for the native heap growth. Please use -XX:HeapBaseMinAddress
#     to set the Java Heap base and to place the Java Heap above 32GB virtual address.
# This output file may be truncated or incomplete.
#
#  Out of Memory Error (os_windows.cpp:3707), pid=4516, tid=30100
#
# JRE version:  (23.0.2+7) (build )
# Java VM: Java HotSpot(TM) 64-Bit Server VM (23.0.2+7-58, mixed mode, sharing, tiered, compressed oops, compressed class ptrs, g1 gc, windows-amd64)
# No core dump will be written. Minidumps are not enabled by default on client versions of Windows
#

---------------  S U M M A R Y ------------

Command Line: -Dfile.encoding=UTF-8 -agentlib:jdwp=transport=dt_socket,address=63773,server=n --add-modules=ALL-DEFAULT jdk.compiler/com.sun.tools.javac.launcher.SourceLauncher C:\Users\user\Desktop\KDU\Semester 2\OOSAD\Assignment 1\Inventory Project\Source Code\Menu\Menu.java

Host: 12th Gen Intel(R) Core(TM) i5-12500H, 16 cores, 15G,  Windows 11 , 64 bit Build 26100 (10.0.26100.3037)
Time: Wed Mar 12 16:52:12 2025 Malay Peninsula Standard Time elapsed time: 0.402516 seconds (0d 0h 0m 0s)

---------------  T H R E A D  ---------------

Current thread (0x000001e32fdf3250):  JavaThread "Unknown thread" [_thread_in_vm, id=30100, stack(0x000000724af00000,0x000000724b000000) (1024K)]

Stack: [0x000000724af00000,0x000000724b000000]
Native frames: (J=compiled Java code, j=interpreted, Vv=VM code, C=native code)
V  [jvm.dll+0x6e0b99]  (no source info available)
V  [jvm.dll+0x87e2b3]  (no source info available)
V  [jvm.dll+0x88073e]  (no source info available)
V  [jvm.dll+0x880e13]  (no source info available)
V  [jvm.dll+0x27b006]  (no source info available)
V  [jvm.dll+0x6dd485]  (no source info available)
V  [jvm.dll+0x6d127a]  (no source info available)
V  [jvm.dll+0x35b50a]  (no source info available)
V  [jvm.dll+0x363916]  (no source info available)
V  [jvm.dll+0x34fe7e]  (no source info available)
V  [jvm.dll+0x350118]  (no source info available)
V  [jvm.dll+0x328aec]  (no source info available)
V  [jvm.dll+0x32978e]  (no source info available)
V  [jvm.dll+0x8449a5]  (no source info available)
V  [jvm.dll+0x3b9a08]  (no source info available)
V  [jvm.dll+0x82d68c]  (no source info available)
V  [jvm.dll+0x454f2e]  (no source info available)
V  [jvm.dll+0x456db1]  (no source info available)
C  [jli.dll+0x52a3]  (no source info available)
C  [ucrtbase.dll+0x37b0]  (no source info available)
C  [KERNEL32.DLL+0x2e8d7]  (no source info available)
C  [ntdll.dll+0xbbf2c]  (no source info available)

Lock stack of current Java thread (top to bottom):


---------------  P R O C E S S  ---------------

Threads class SMR info:
_java_thread_list=0x00007ffd5e824618, length=0, elements={
}

Java Threads: ( => current thread )
Total: 0

Other Threads:
  0x000001e332221530 WorkerThread "GC Thread#0"                     [id=17104, stack(0x000000724b000000,0x000000724b100000) (1024K)]
  0x000001e332235e10 ConcurrentGCThread "G1 Main Marker"            [id=5912, stack(0x000000724b100000,0x000000724b200000) (1024K)]
  0x000001e332237840 WorkerThread "G1 Conc#0"                       [id=9740, stack(0x000000724b200000,0x000000724b300000) (1024K)]

[error occurred during error reporting (printing all threads), id 0xc0000005, EXCEPTION_ACCESS_VIOLATION (0xc0000005) at pc=0x00007ffd5df6c0da]
VM state: not at safepoint (not fully initialized)

VM Mutex/Monitor currently owned by a thread:  ([mutex/lock_event])
[0x00007ffd5e8a4988] Heap_lock - owner thread: 0x000001e32fdf3250

Heap address: 0x0000000705e00000, size: 4002 MB, Compressed Oops mode: Zero based, Oop shift amount: 3

CDS archive(s) mapped at: [0x0000000000000000-0x0000000000000000-0x0000000000000000), size 0, SharedBaseAddress: 0x0000000800000000, ArchiveRelocationMode: 1.
Narrow klass base: 0x0000000000000000, Narrow klass shift: 0, Narrow klass range: 0x0

GC Precious Log:
 CardTable entry size: 512
 Card Set container configuration: InlinePtr #cards 4 size 8 Array Of Cards #cards 16 size 48 Howl #buckets 8 coarsen threshold 3686 Howl Bitmap #cards 512 size 80 coarsen threshold 460 Card regions per heap region 1 cards per card region 4096

Heap:
 garbage-first heap   total reserved 4098048K, committed 0K, used 0K [0x0000000705e00000, 0x0000000800000000)
  region size 2048K, 0 young (0K), 0 survivors (0K)

[error occurred during error reporting (printing heap information), id 0xc0000005, EXCEPTION_ACCESS_VIOLATION (0xc0000005) at pc=0x00007ffd5e36c6a9]
GC Heap History (0 events):
No events

Dll operation events (1 events):
Event: 0.006 Loaded shared library C:\Program Files\Java\jdk-23\bin\java.dll

Deoptimization events (0 events):
No events

Classes loaded (0 events):
No events

Classes unloaded (0 events):
No events

Classes redefined (0 events):
No events

Internal exceptions (0 events):
No events

VM Operations (0 events):
No events

Memory protections (0 events):
No events

Nmethod flushes (0 events):
No events

Events (0 events):
No events


Dynamic libraries:
0x00007ff79ca20000 - 0x00007ff79ca30000 	C:\Program Files\Java\jdk-23\bin\java.exe
0x00007ffdcfaa0000 - 0x00007ffdcfd03000 	C:\WINDOWS\SYSTEM32\ntdll.dll
0x00007ffdcde90000 - 0x00007ffdcdf57000 	C:\WINDOWS\System32\KERNEL32.DLL
0x00007ffdccef0000 - 0x00007ffdcd2b7000 	C:\WINDOWS\System32\KERNELBASE.dll
0x00007ffdcd790000 - 0x00007ffdcd8dc000 	C:\WINDOWS\System32\ucrtbase.dll
0x00007ffdc8420000 - 0x00007ffdc8437000 	C:\Program Files\Java\jdk-23\bin\jli.dll
0x00007ffdc87a0000 - 0x00007ffdc87bb000 	C:\Program Files\Java\jdk-23\bin\VCRUNTIME140.dll
0x00007ffdce1b0000 - 0x00007ffdce379000 	C:\WINDOWS\System32\USER32.dll
0x00007ffdcd2c0000 - 0x00007ffdcd2e7000 	C:\WINDOWS\System32\win32u.dll
0x00007ffdb2970000 - 0x00007ffdb2c00000 	C:\WINDOWS\WinSxS\amd64_microsoft.windows.common-controls_6595b64144ccf1df_6.0.26100.3037_none_3e09262ce333c378\COMCTL32.dll
0x00007ffdcf9f0000 - 0x00007ffdcfa1a000 	C:\WINDOWS\System32\GDI32.dll
0x00007ffdcd660000 - 0x00007ffdcd78b000 	C:\WINDOWS\System32\gdi32full.dll
0x00007ffdcebd0000 - 0x00007ffdcec79000 	C:\WINDOWS\System32\msvcrt.dll
0x00007ffdcce40000 - 0x00007ffdccee3000 	C:\WINDOWS\System32\msvcp_win.dll
0x00007ffdcfa20000 - 0x00007ffdcfa4f000 	C:\WINDOWS\System32\IMM32.DLL
0x00007ffdc9860000 - 0x00007ffdc986c000 	C:\Program Files\Java\jdk-23\bin\vcruntime140_1.dll
0x00007ffd7dcd0000 - 0x00007ffd7dd5e000 	C:\Program Files\Java\jdk-23\bin\msvcp140.dll
0x00007ffd5dc30000 - 0x00007ffd5e980000 	C:\Program Files\Java\jdk-23\bin\server\jvm.dll
0x00007ffdcddd0000 - 0x00007ffdcde84000 	C:\WINDOWS\System32\ADVAPI32.dll
0x00007ffdcf470000 - 0x00007ffdcf516000 	C:\WINDOWS\System32\sechost.dll
0x00007ffdcf8b0000 - 0x00007ffdcf9c6000 	C:\WINDOWS\System32\RPCRT4.dll
0x00007ffdcea40000 - 0x00007ffdceab4000 	C:\WINDOWS\System32\WS2_32.dll
0x00007ffdcbb00000 - 0x00007ffdcbb4e000 	C:\WINDOWS\SYSTEM32\POWRPROF.dll
0x00007ffdc1ec0000 - 0x00007ffdc1ecb000 	C:\WINDOWS\SYSTEM32\VERSION.dll
0x00007ffdc1ef0000 - 0x00007ffdc1f26000 	C:\WINDOWS\SYSTEM32\WINMM.dll
0x00007ffdcbae0000 - 0x00007ffdcbaf4000 	C:\WINDOWS\SYSTEM32\UMPDC.dll
0x00007ffdcbd80000 - 0x00007ffdcbd9a000 	C:\WINDOWS\SYSTEM32\kernel.appcore.dll
0x00007ffdc5070000 - 0x00007ffdc507a000 	C:\Program Files\Java\jdk-23\bin\jimage.dll
0x00007ffdca070000 - 0x00007ffdca2b1000 	C:\WINDOWS\SYSTEM32\DBGHELP.DLL
0x00007ffdcf520000 - 0x00007ffdcf89e000 	C:\WINDOWS\System32\combase.dll
0x00007ffdceaf0000 - 0x00007ffdcebc6000 	C:\WINDOWS\System32\OLEAUT32.dll
0x00007ffdc3390000 - 0x00007ffdc33c9000 	C:\WINDOWS\SYSTEM32\dbgcore.DLL
0x00007ffdcd2f0000 - 0x00007ffdcd389000 	C:\WINDOWS\System32\bcryptPrimitives.dll
0x00007ffdbfe90000 - 0x00007ffdbfecc000 	C:\Program Files\Java\jdk-23\bin\jdwp.dll
0x00007ffdc39a0000 - 0x00007ffdc39be000 	C:\Program Files\Java\jdk-23\bin\java.dll
0x00007ffdce390000 - 0x00007ffdce525000 	C:\WINDOWS\System32\ole32.dll
0x00007ffdcec80000 - 0x00007ffdcf384000 	C:\WINDOWS\System32\SHELL32.dll

dbghelp: loaded successfully - version: 4.0.5 - missing functions: none
symbol engine: initialized successfully - sym options: 0x614 - pdb path: .;C:\Program Files\Java\jdk-23\bin;C:\WINDOWS\SYSTEM32;C:\WINDOWS\WinSxS\amd64_microsoft.windows.common-controls_6595b64144ccf1df_6.0.26100.3037_none_3e09262ce333c378;C:\Program Files\Java\jdk-23\bin\server

VM Arguments:
jvm_args: -Dfile.encoding=UTF-8 -agentlib:jdwp=transport=dt_socket,address=63773,server=n --add-modules=ALL-DEFAULT 
java_command: jdk.compiler/com.sun.tools.javac.launcher.SourceLauncher C:\Users\user\Desktop\KDU\Semester 2\OOSAD\Assignment 1\Inventory Project\Source Code\Menu\Menu.java
java_class_path (initial): .
Launcher Type: SUN_STANDARD

[Global flags]
     intx CICompilerCount                          = 12                                        {product} {ergonomic}
     uint ConcGCThreads                            = 3                                         {product} {ergonomic}
     uint G1ConcRefinementThreads                  = 13                                        {product} {ergonomic}
   size_t G1HeapRegionSize                         = 2097152                                   {product} {ergonomic}
   size_t InitialHeapSize                          = 264241152                                 {product} {ergonomic}
   size_t MarkStackSize                            = 4194304                                   {product} {ergonomic}
   size_t MarkStackSizeMax                         = 536870912                                 {product} {ergonomic}
   size_t MaxHeapSize                              = 4196401152                                {product} {ergonomic}
   size_t MinHeapDeltaBytes                        = 2097152                                   {product} {ergonomic}
   size_t MinHeapSize                              = 8388608                                   {product} {ergonomic}
    uintx NonNMethodCodeHeapSize                   = 7602176                                {pd product} {ergonomic}
    uintx NonProfiledCodeHeapSize                  = 122093568                              {pd product} {ergonomic}
    uintx ProfiledCodeHeapSize                     = 121962496                              {pd product} {ergonomic}
    uintx ReservedCodeCacheSize                    = 251658240                              {pd product} {ergonomic}
     bool SegmentedCodeCache                       = true                                      {product} {ergonomic}
   size_t SoftMaxHeapSize                          = 4196401152                             {manageable} {ergonomic}
     bool UseCompressedOops                        = true                           {product lp64_product} {ergonomic}
     bool UseG1GC                                  = true                                      {product} {ergonomic}
     bool UseLargePagesIndividualAllocation        = false                                  {pd product} {ergonomic}

Logging:
Log output configuration:
 #0: stdout all=warning uptime,level,tags foldmultilines=false
 #1: stderr all=off uptime,level,tags foldmultilines=false

Environment Variables:
PATH=C:\Program Files\Common Files\Oracle\Java\javapath;C:\Windows\system32;C:\Windows;C:\Windows\System32\Wbem;C:\Windows\System32\WindowsPowerShell\v1.0\;C:\Windows\System32\OpenSSH\;C:\Program Files (x86)\NVIDIA Corporation\PhysX\Common;C:\Program Files\NVIDIA Corporation\NVIDIA app\NvDLISR;C:\WINDOWS\system32;C:\WINDOWS;C:\WINDOWS\System32\Wbem;C:\WINDOWS\System32\WindowsPowerShell\v1.0\;C:\WINDOWS\System32\OpenSSH\;C:\Program Files\Git\cmd;C:\Users\user\AppData\Local\Microsoft\WindowsApps;C:\Users\user\AppData\Local\Programs\Microsoft VS Code\bin
USERNAME=user
OS=Windows_NT
PROCESSOR_IDENTIFIER=Intel64 Family 6 Model 154 Stepping 3, GenuineIntel
TMP=C:\Users\user\AppData\Local\Temp
TEMP=C:\Users\user\AppData\Local\Temp




Periodic native trim disabled

---------------  S Y S T E M  ---------------

OS:
 Windows 11 , 64 bit Build 26100 (10.0.26100.3037)
OS uptime: 0 days 19:33 hours

CPU: total 16 (initial active 16) (8 cores per cpu, 2 threads per core) family 6 model 154 stepping 3 microcode 0x434, cx8, cmov, fxsr, ht, mmx, 3dnowpref, sse, sse2, sse3, ssse3, sse4.1, sse4.2, popcnt, lzcnt, tsc, tscinvbit, avx, avx2, aes, erms, clmul, bmi1, bmi2, adx, sha, fma, vzeroupper, clflush, clflushopt, clwb, serialize, rdtscp, rdpid, fsrm, gfni, f16c, pku, cet_ibt, cet_ss
Processor Information for the first 16 processors :
  Max Mhz: 2500, Current Mhz: 2500, Mhz Limit: 2500

Memory: 4k page, system-wide physical 16004M (2874M free)
TotalPageFile size 48372M (AvailPageFile size 286M)
current process WorkingSet (physical memory assigned to process): 13M, peak: 13M
current process commit charge ("private bytes"): 71M, peak: 323M

vm_info: Java HotSpot(TM) 64-Bit Server VM (23.0.2+7-58) for windows-amd64 JRE (23.0.2+7-58), built on 2024-11-29T09:34:55Z with MS VC++ 17.6 (VS2022)

END.
